g:\repogitory\hm_nlua\hmnlua.src\hmloadclr\x64\release\vc141.pdb
g:\repogitory\hm_nlua\hmnlua.src\hmloadclr\x64\release\string_converter.obj
g:\repogitory\hm_nlua\hmnlua.src\hmloadclr\x64\release\hmlm.obj
g:\repogitory\hm_nlua\hmnlua.src\hmloadclr\x64\release\hidemaruexe_export.obj
g:\repogitory\hm_nlua\hmnlua.src\hmloadclr\x64\release\.netframework,version=v4.5.assemblyattributes.obj
g:\repogitory\hm_nlua\hmnlua.src\hmloadclr\x64\release\.netframework,version=v4.5.assemblyattributes.asm
g:\repogitory\hm_nlua\hmnlua.src\x64\release\hmln.lib
g:\repogitory\hm_nlua\hmnlua.src\x64\release\hmln.exp
g:\repogitory\hm_nlua\hmnlua.src\x64\release\hmln.dll
g:\repogitory\hm_nlua\hmnlua.src\x64\release\hmln.pdb
g:\repogitory\hm_nlua\hmnlua.src\hmloadclr\x64\release\resource.res
g:\repogitory\hm_nlua\hmnlua.src\hmloadclr\x64\release\hmloadclr.vcxproj.assemblyreference.cache
g:\repogitory\hm_nlua\hmnlua.src\hmloadclr\x64\release\hmln.tlog\cl.command.1.tlog
g:\repogitory\hm_nlua\hmnlua.src\hmloadclr\x64\release\hmln.tlog\cl.read.1.tlog
g:\repogitory\hm_nlua\hmnlua.src\hmloadclr\x64\release\hmln.tlog\cl.write.1.tlog
g:\repogitory\hm_nlua\hmnlua.src\hmloadclr\x64\release\hmln.tlog\hmln.write.1u.tlog
g:\repogitory\hm_nlua\hmnlua.src\hmloadclr\x64\release\hmln.tlog\link.command.1.tlog
g:\repogitory\hm_nlua\hmnlua.src\hmloadclr\x64\release\hmln.tlog\link.read.1.tlog
g:\repogitory\hm_nlua\hmnlua.src\hmloadclr\x64\release\hmln.tlog\link.write.1.tlog
g:\repogitory\hm_nlua\hmnlua.src\hmloadclr\x64\release\hmln.tlog\metagen.read.1.tlog
g:\repogitory\hm_nlua\hmnlua.src\hmloadclr\x64\release\hmln.tlog\metagen.write.1.tlog
g:\repogitory\hm_nlua\hmnlua.src\hmloadclr\x64\release\hmln.tlog\rc.command.1.tlog
g:\repogitory\hm_nlua\hmnlua.src\hmloadclr\x64\release\hmln.tlog\rc.read.1.tlog
g:\repogitory\hm_nlua\hmnlua.src\hmloadclr\x64\release\hmln.tlog\rc.write.1.tlog
