g:\repogitory\hidemaru-net\win-hidemaru-app\hm_loadclr\hmloadclr.src\hmloadclr\release\vc141.pdb
g:\repogitory\hidemaru-net\win-hidemaru-app\hm_loadclr\hmloadclr.src\hmloadclr\release\string_converter.obj
g:\repogitory\hidemaru-net\win-hidemaru-app\hm_loadclr\hmloadclr.src\hmloadclr\release\hmlm.obj
g:\repogitory\hidemaru-net\win-hidemaru-app\hm_loadclr\hmloadclr.src\hmloadclr\release\hidemaruexe_export.obj
g:\repogitory\hidemaru-net\win-hidemaru-app\hm_loadclr\hmloadclr.src\hmloadclr\release\.netframework,version=v4.5.assemblyattributes.obj
g:\repogitory\hidemaru-net\win-hidemaru-app\hm_loadclr\hmloadclr.src\hmloadclr\release\.netframework,version=v4.5.assemblyattributes.asm
g:\repogitory\hidemaru-net\win-hidemaru-app\hm_loadclr\hmloadclr.src\release\hmln.lib
g:\repogitory\hidemaru-net\win-hidemaru-app\hm_loadclr\hmloadclr.src\release\hmln.exp
g:\repogitory\hidemaru-net\win-hidemaru-app\hm_loadclr\hmloadclr.src\release\hmln.dll
g:\repogitory\hidemaru-net\win-hidemaru-app\hm_loadclr\hmloadclr.src\hmloadclr\release\resource.res
g:\repogitory\hidemaru-net\win-hidemaru-app\hm_loadclr\hmloadclr.src\hmloadclr\release\hmln.tlog\cl.command.1.tlog
g:\repogitory\hidemaru-net\win-hidemaru-app\hm_loadclr\hmloadclr.src\hmloadclr\release\hmln.tlog\cl.read.1.tlog
g:\repogitory\hidemaru-net\win-hidemaru-app\hm_loadclr\hmloadclr.src\hmloadclr\release\hmln.tlog\cl.write.1.tlog
g:\repogitory\hidemaru-net\win-hidemaru-app\hm_loadclr\hmloadclr.src\hmloadclr\release\hmln.tlog\hmln.write.1u.tlog
g:\repogitory\hidemaru-net\win-hidemaru-app\hm_loadclr\hmloadclr.src\hmloadclr\release\hmln.tlog\link.command.1.tlog
g:\repogitory\hidemaru-net\win-hidemaru-app\hm_loadclr\hmloadclr.src\hmloadclr\release\hmln.tlog\link.read.1.tlog
g:\repogitory\hidemaru-net\win-hidemaru-app\hm_loadclr\hmloadclr.src\hmloadclr\release\hmln.tlog\link.write.1.tlog
g:\repogitory\hidemaru-net\win-hidemaru-app\hm_loadclr\hmloadclr.src\hmloadclr\release\hmln.tlog\metagen.read.1.tlog
g:\repogitory\hidemaru-net\win-hidemaru-app\hm_loadclr\hmloadclr.src\hmloadclr\release\hmln.tlog\metagen.write.1.tlog
g:\repogitory\hidemaru-net\win-hidemaru-app\hm_loadclr\hmloadclr.src\hmloadclr\release\hmln.tlog\rc.command.1.tlog
g:\repogitory\hidemaru-net\win-hidemaru-app\hm_loadclr\hmloadclr.src\hmloadclr\release\hmln.tlog\rc.read.1.tlog
g:\repogitory\hidemaru-net\win-hidemaru-app\hm_loadclr\hmloadclr.src\hmloadclr\release\hmln.tlog\rc.write.1.tlog
